# JRE version: OpenJDK Runtime Environment (26.0+35) (build 26+35-2893)
# Java VM: OpenJDK 64-Bit Server VM (26+35-2893, mixed mode, sharing, tiered, compressed oops, compressed class ptrs, g1 gc, windows-amd64)
GC Precious Log:
 CardTable entry size: 512
 Card Set container configuration: InlinePtr #cards 4 size 8 Array Of Cards #cards 16 size 48 Howl #buckets 8 coarsen threshold 3686 Howl Bitmap #cards 512 size 80 coarsen threshold 460 Card regions per heap region 1 cards per card region 4096
 CPUs: 12 total, 12 available
 Memory: 16091M
 Large Page Support: Disabled
 NUMA Support: Disabled
 Compressed Oops: Enabled (Zero based)
 Heap Region Size: 2M
 Heap Min Capacity: 8M
 Heap Initial Capacity: 8M
 Heap Max Capacity: 4024M
 Pre-touch: Disabled
 Parallel Workers: 10
 Concurrent Workers: 3
 Concurrent Refinement Workers: 10
 Periodic GC: Disabled
Heap:
 garbage-first heap   total reserved 4120576K, committed 153600K, used 97918K [0x0000000704800000, 0x0000000800000000)
  region size 2M, 29 eden (58M), 1 survivor (2M), 15 old (30M), 6 humongous (12M), 24 free (48M)
GC Heap Usage History (20 events):
Event: 203.313 {heap Before GC invocations=136 (full 0):
 garbage-first heap   total reserved 4120576K, committed 47104K, used 40716K [0x0000000704800000, 0x0000000800000000)
  region size 2M, 3 eden (6M), 1 survivor (2M), 11 old (22M), 6 humongous (12M), 2 free (4M)
}
Event: 203.316 {heap After GC invocations=137 (full 0):
 garbage-first heap   total reserved 4120576K, committed 47104K, used 36471K [0x0000000704800000, 0x0000000800000000)
  region size 2M, 0 eden (0M), 1 survivor (2M), 12 old (24M), 6 humongous (12M), 4 free (8M)
}
Event: 203.534 {heap Before GC invocations=137 (full 0):
 garbage-first heap   total reserved 4120576K, committed 47104K, used 38519K [0x0000000704800000, 0x0000000800000000)
  region size 2M, 2 eden (4M), 1 survivor (2M), 12 old (24M), 6 humongous (12M), 2 free (4M)
}
Event: 203.537 {heap After GC invocations=138 (full 0):
 garbage-first heap   total reserved 4120576K, committed 47104K, used 35611K [0x0000000704800000, 0x0000000800000000)
  region size 2M, 0 eden (0M), 1 survivor (2M), 11 old (22M), 6 humongous (12M), 5 free (10M)
}
Event: 203.692 {heap Before GC invocations=138 (full 0):
 garbage-first heap   total reserved 4120576K, committed 47104K, used 39707K [0x0000000704800000, 0x0000000800000000)
  region size 2M, 3 eden (6M), 1 survivor (2M), 11 old (22M), 6 humongous (12M), 2 free (4M)
}
Event: 203.696 {heap After GC invocations=139 (full 0):
 garbage-first heap   total reserved 4120576K, committed 47104K, used 35910K [0x0000000704800000, 0x0000000800000000)
  region size 2M, 0 eden (0M), 1 survivor (2M), 12 old (24M), 6 humongous (12M), 4 free (8M)
}
Event: 203.885 {heap Before GC invocations=140 (full 0):
 garbage-first heap   total reserved 4120576K, committed 47104K, used 37958K [0x0000000704800000, 0x0000000800000000)
  region size 2M, 2 eden (4M), 1 survivor (2M), 12 old (24M), 6 humongous (12M), 2 free (4M)
}
Event: 203.889 {heap After GC invocations=141 (full 0):
 garbage-first heap   total reserved 4120576K, committed 47104K, used 36372K [0x0000000704800000, 0x0000000800000000)
  region size 2M, 0 eden (0M), 1 survivor (2M), 12 old (24M), 6 humongous (12M), 4 free (8M)
}
Event: 204.012 {heap Before GC invocations=141 (full 0):
 garbage-first heap   total reserved 4120576K, committed 47104K, used 42516K [0x0000000704800000, 0x0000000800000000)
  region size 2M, 2 eden (4M), 1 survivor (2M), 12 old (24M), 8 humongous (16M), 0 free (0M)
}
Event: 204.017 {heap After GC invocations=142 (full 0):
 garbage-first heap   total reserved 4120576K, committed 49152K, used 37695K [0x0000000704800000, 0x0000000800000000)
  region size 2M, 0 eden (0M), 1 survivor (2M), 11 old (22M), 7 humongous (14M), 5 free (10M)
}
Event: 204.605 {heap Before GC invocations=142 (full 0):
 garbage-first heap   total reserved 4120576K, committed 49152K, used 41791K [0x0000000704800000, 0x0000000800000000)
  region size 2M, 3 eden (6M), 1 survivor (2M), 11 old (22M), 7 humongous (14M), 2 free (4M)
}
Event: 204.612 {heap After GC invocations=143 (full 0):
 garbage-first heap   total reserved 4120576K, committed 49152K, used 38132K [0x0000000704800000, 0x0000000800000000)
  region size 2M, 0 eden (0M), 1 survivor (2M), 11 old (22M), 7 humongous (14M), 5 free (10M)
}
Event: 204.853 {heap Before GC invocations=144 (full 0):
 garbage-first heap   total reserved 4120576K, committed 49152K, used 40180K [0x0000000704800000, 0x0000000800000000)
  region size 2M, 3 eden (6M), 1 survivor (2M), 11 old (22M), 6 humongous (12M), 3 free (6M)
}
Event: 204.858 {heap After GC invocations=145 (full 0):
 garbage-first heap   total reserved 4120576K, committed 49152K, used 39867K [0x0000000704800000, 0x0000000800000000)
  region size 2M, 0 eden (0M), 1 survivor (2M), 13 old (26M), 6 humongous (12M), 4 free (8M)
}
Event: 204.883 {heap Before GC invocations=145 (full 0):
 garbage-first heap   total reserved 4120576K, committed 49152K, used 41915K [0x0000000704800000, 0x0000000800000000)
  region size 2M, 2 eden (4M), 1 survivor (2M), 13 old (26M), 6 humongous (12M), 2 free (4M)
}
Event: 204.891 {heap After GC invocations=146 (full 0):
 garbage-first heap   total reserved 4120576K, committed 51200K, used 40765K [0x0000000704800000, 0x0000000800000000)
  region size 2M, 0 eden (0M), 1 survivor (2M), 13 old (26M), 6 humongous (12M), 5 free (10M)
}
Event: 204.955 {heap Before GC invocations=146 (full 0):
 garbage-first heap   total reserved 4120576K, committed 51200K, used 42813K [0x0000000704800000, 0x0000000800000000)
  region size 2M, 2 eden (4M), 1 survivor (2M), 13 old (26M), 6 humongous (12M), 3 free (6M)
}
Event: 204.958 {heap After GC invocations=147 (full 0):
 garbage-first heap   total reserved 4120576K, committed 51200K, used 42411K [0x0000000704800000, 0x0000000800000000)
  region size 2M, 0 eden (0M), 1 survivor (2M), 14 old (28M), 6 humongous (12M), 4 free (8M)
}
Event: 205.071 {heap Before GC invocations=148 (full 0):
 garbage-first heap   total reserved 4120576K, committed 51200K, used 44459K [0x0000000704800000, 0x0000000800000000)
  region size 2M, 1 eden (2M), 1 survivor (2M), 14 old (28M), 6 humongous (12M), 3 free (6M)
}
Event: 205.074 {heap After GC invocations=149 (full 0):
 garbage-first heap   total reserved 4120576K, committed 153600K, used 42622K [0x0000000704800000, 0x0000000800000000)
  region size 2M, 0 eden (0M), 1 survivor (2M), 15 old (30M), 6 humongous (12M), 53 free (106M)
}

